Using pre-set license
Built from '2021.3/staging' branch; Version is '2021.3.15f1 (e8e88683f834) revision 15263878'; Using compiler version '192829333'; Build Type 'Release'
OS: 'Windows 10  (10.0.19044) 64bit Professional' Language: 'en' Physical Memory: 16253 MB
BatchMode: 1, IsHumanControllingUs: 0, StartBugReporterOnCrash: 0, Is64bit: 1, IsPro: 1

COMMAND LINE ARGUMENTS:
G:\Unity\2021.3.15f1\Editor\Unity.exe
-adb2
-batchMode
-noUpm
-name
AssetImportWorker0
-projectPath
G:/Homework/PTGame/Astray
-logFile
Logs/AssetImportWorker0.log
-srvPort
56823
Successfully changed project path to: G:/Homework/PTGame/Astray
G:/Homework/PTGame/Astray
[UnityMemory] Configuration Parameters - Can be set up in boot.config
    "memorysetup-bucket-allocator-granularity=16"
    "memorysetup-bucket-allocator-bucket-count=8"
    "memorysetup-bucket-allocator-block-size=33554432"
    "memorysetup-bucket-allocator-block-count=8"
    "memorysetup-main-allocator-block-size=16777216"
    "memorysetup-thread-allocator-block-size=16777216"
    "memorysetup-gfx-main-allocator-block-size=16777216"
    "memorysetup-gfx-thread-allocator-block-size=16777216"
    "memorysetup-cache-allocator-block-size=4194304"
    "memorysetup-typetree-allocator-block-size=2097152"
    "memorysetup-profiler-bucket-allocator-granularity=16"
    "memorysetup-profiler-bucket-allocator-bucket-count=8"
    "memorysetup-profiler-bucket-allocator-block-size=33554432"
    "memorysetup-profiler-bucket-allocator-block-count=8"
    "memorysetup-profiler-allocator-block-size=16777216"
    "memorysetup-profiler-editor-allocator-block-size=1048576"
    "memorysetup-temp-allocator-size-main=16777216"
    "memorysetup-job-temp-allocator-block-size=2097152"
    "memorysetup-job-temp-allocator-block-size-background=1048576"
    "memorysetup-job-temp-allocator-reduction-small-platforms=262144"
    "memorysetup-temp-allocator-size-background-worker=32768"
    "memorysetup-temp-allocator-size-job-worker=262144"
    "memorysetup-temp-allocator-size-preload-manager=33554432"
    "memorysetup-temp-allocator-size-nav-mesh-worker=65536"
    "memorysetup-temp-allocator-size-audio-worker=65536"
    "memorysetup-temp-allocator-size-cloud-worker=32768"
    "memorysetup-temp-allocator-size-gi-baking-worker=262144"
    "memorysetup-temp-allocator-size-gfx=262144"
Player connection [5428] Host "[IP] 192.168.1.11 [Port] 0 [Flags] 2 [Guid] 988769853 [EditorId] 988769853 [Version] 1048832 [Id] WindowsEditor(7,DESKTOP-RAH6IHC) [Debug] 1 [PackageName] WindowsEditor [ProjectName] Editor" joined multi-casting on [225.0.0.222:54997]...

Player connection [5428] Host "[IP] 192.168.1.11 [Port] 0 [Flags] 2 [Guid] 988769853 [EditorId] 988769853 [Version] 1048832 [Id] WindowsEditor(7,DESKTOP-RAH6IHC) [Debug] 1 [PackageName] WindowsEditor [ProjectName] Editor" joined alternative multi-casting on [225.0.0.222:34997]...

Refreshing native plugins compatible for Editor in 80.47 ms, found 4 plugins.
Preloading 0 native plugins for Editor in 0.00 ms.
Initialize engine version: 2021.3.15f1 (e8e88683f834)
[Subsystems] Discovering subsystems at path G:/Unity/2021.3.15f1/Editor/Data/Resources/UnitySubsystems
[Subsystems] Discovering subsystems at path G:/Homework/PTGame/Astray/Assets
GfxDevice: creating device client; threaded=0; jobified=0
Direct3D:
    Version:  Direct3D 11.0 [level 11.1]
    Renderer: NVIDIA GeForce RTX 3060 (ID=0x2504)
    Vendor:   NVIDIA
    VRAM:     12129 MB
    Driver:   31.0.15.2737
Initialize mono
Mono path[0] = 'G:/Unity/2021.3.15f1/Editor/Data/Managed'
Mono path[1] = 'G:/Unity/2021.3.15f1/Editor/Data/MonoBleedingEdge/lib/mono/unityjit-win32'
Mono config path = 'G:/Unity/2021.3.15f1/Editor/Data/MonoBleedingEdge/etc'
Using monoOptions --debugger-agent=transport=dt_socket,embedding=1,server=y,suspend=n,address=127.0.0.1:56580
Begin MonoManager ReloadAssembly
Registering precompiled unity dll's ...
Register platform support module: G:/Unity/2021.3.15f1/Editor/Data/PlaybackEngines/AndroidPlayer/UnityEditor.Android.Extensions.dll
Register platform support module: G:/Unity/2021.3.15f1/Editor/Data/PlaybackEngines/WindowsStandaloneSupport/UnityEditor.WindowsStandalone.Extensions.dll
Registered in 0.001943 seconds.
Native extension for WindowsStandalone target not found
Native extension for Android target not found
Refreshing native plugins compatible for Editor in 77.33 ms, found 4 plugins.
Preloading 0 native plugins for Editor in 0.00 ms.
Mono: successfully reloaded assembly
- Completed reload, in  0.521 seconds
Domain Reload Profiling:
	ReloadAssembly (522ms)
		BeginReloadAssembly (60ms)
			ExecutionOrderSort (0ms)
			DisableScriptedObjects (0ms)
			BackupInstance (0ms)
			ReleaseScriptingObjects (0ms)
			CreateAndSetChildDomain (1ms)
		EndReloadAssembly (386ms)
			LoadAssemblies (60ms)
			RebuildTransferFunctionScriptingTraits (0ms)
			SetupTypeCache (85ms)
			ReleaseScriptCaches (0ms)
			RebuildScriptCaches (21ms)
			SetupLoadedEditorAssemblies (237ms)
				LogAssemblyErrors (0ms)
				InitializePlatformSupportModulesInManaged (41ms)
				SetLoadedEditorAssemblies (0ms)
				RefreshPlugins (77ms)
				BeforeProcessingInitializeOnLoad (1ms)
				ProcessInitializeOnLoadAttributes (81ms)
				ProcessInitializeOnLoadMethodAttributes (36ms)
				AfterProcessingInitializeOnLoad (0ms)
				EditorAssembliesLoaded (0ms)
			ExecutionOrderSort2 (0ms)
			AwakeInstancesAfterBackupRestoration (0ms)
Platform modules already initialized, skipping
Registering precompiled user dll's ...
Registered in 0.005484 seconds.
Begin MonoManager ReloadAssembly
Symbol file LoadedFromMemory doesn't match image G:\Homework\PTGame\Astray\Library\PackageCache\com.unity.visualscripting@1.7.8\Editor\VisualScripting.Core\Dependencies\YamlDotNet\Unity.VisualScripting.YamlDotNet.dll
Symbol file LoadedFromMemory doesn't match image G:\Homework\PTGame\Astray\Library\PackageCache\com.unity.visualscripting@1.7.8\Editor\VisualScripting.Core\Dependencies\DotNetZip\Unity.VisualScripting.IonicZip.dll
Native extension for WindowsStandalone target not found
Native extension for Android target not found
Refreshing native plugins compatible for Editor in 84.16 ms, found 4 plugins.
Preloading 0 native plugins for Editor in 0.00 ms.
Mono: successfully reloaded assembly
- Completed reload, in  1.087 seconds
Domain Reload Profiling:
	ReloadAssembly (1088ms)
		BeginReloadAssembly (206ms)
			ExecutionOrderSort (0ms)
			DisableScriptedObjects (5ms)
			BackupInstance (0ms)
			ReleaseScriptingObjects (0ms)
			CreateAndSetChildDomain (123ms)
		EndReloadAssembly (781ms)
			LoadAssemblies (85ms)
			RebuildTransferFunctionScriptingTraits (0ms)
			SetupTypeCache (217ms)
			ReleaseScriptCaches (2ms)
			RebuildScriptCaches (53ms)
			SetupLoadedEditorAssemblies (394ms)
				LogAssemblyErrors (0ms)
				InitializePlatformSupportModulesInManaged (11ms)
				SetLoadedEditorAssemblies (0ms)
				RefreshPlugins (84ms)
				BeforeProcessingInitializeOnLoad (75ms)
				ProcessInitializeOnLoadAttributes (185ms)
				ProcessInitializeOnLoadMethodAttributes (36ms)
				AfterProcessingInitializeOnLoad (2ms)
				EditorAssembliesLoaded (0ms)
			ExecutionOrderSort2 (0ms)
			AwakeInstancesAfterBackupRestoration (4ms)
Platform modules already initialized, skipping
========================================================================
Worker process is ready to serve import requests
Launched and connected shader compiler UnityShaderCompiler.exe after 0.02 seconds
Refreshing native plugins compatible for Editor in 0.60 ms, found 4 plugins.
Preloading 0 native plugins for Editor in 0.00 ms.
Unloading 4140 Unused Serialized files (Serialized files now loaded: 0)
Unloading 40 unused Assets / (56.3 KB). Loaded Objects now: 4603.
Memory consumption went from 155.4 MB to 155.3 MB.
Total: 2.619300 ms (FindLiveObjects: 0.194900 ms CreateObjectMapping: 0.110000 ms MarkObjects: 2.257400 ms  DeleteObjects: 0.055900 ms)

AssetImportParameters requested are different than current active one (requested -> active):
  custom:video-decoder-ogg-theora: a1e56fd34408186e4bbccfd4996cb3dc -> 
  custom:container-muxer-webm: aa71ff27fc2769a1b78a27578f13a17b -> 
  custom:container-demuxer-webm: 4f35f7cbe854078d1ac9338744f61a02 -> 
  custom:video-encoder-webm-vp8: eb34c28f22e8b96e1ab97ce403110664 -> 
  custom:audio-encoder-webm-vorbis: bf7c407c2cedff20999df2af8eb42d56 -> 
  custom:framework-win-MediaFoundation: 216162199b28c13a410421893ffa2e32 -> 
  custom:container-demuxer-ogg: 62fdf1f143b41e24485cea50d1cbac27 -> 
  custom:video-decoder-webm-vp8: 9c59270c3fd7afecdb556c50c9e8de78 -> 
  custom:audio-decoder-ogg-vorbis: bf7c407c2cedff20999df2af8eb42d56 -> 
========================================================================
Received Prepare
Registering precompiled user dll's ...
Registered in 0.005448 seconds.
Begin MonoManager ReloadAssembly
Symbol file LoadedFromMemory doesn't match image G:\Homework\PTGame\Astray\Library\PackageCache\com.unity.visualscripting@1.7.8\Editor\VisualScripting.Core\Dependencies\YamlDotNet\Unity.VisualScripting.YamlDotNet.dll
Symbol file LoadedFromMemory doesn't match image G:\Homework\PTGame\Astray\Library\PackageCache\com.unity.visualscripting@1.7.8\Editor\VisualScripting.Core\Dependencies\DotNetZip\Unity.VisualScripting.IonicZip.dll
Native extension for WindowsStandalone target not found
Native extension for Android target not found
Refreshing native plugins compatible for Editor in 0.60 ms, found 4 plugins.
Preloading 0 native plugins for Editor in 0.00 ms.
Mono: successfully reloaded assembly
- Completed reload, in  0.852 seconds
Domain Reload Profiling:
	ReloadAssembly (852ms)
		BeginReloadAssembly (109ms)
			ExecutionOrderSort (0ms)
			DisableScriptedObjects (6ms)
			BackupInstance (0ms)
			ReleaseScriptingObjects (0ms)
			CreateAndSetChildDomain (27ms)
		EndReloadAssembly (671ms)
			LoadAssemblies (80ms)
			RebuildTransferFunctionScriptingTraits (0ms)
			SetupTypeCache (212ms)
			ReleaseScriptCaches (1ms)
			RebuildScriptCaches (42ms)
			SetupLoadedEditorAssemblies (296ms)
				LogAssemblyErrors (0ms)
				InitializePlatformSupportModulesInManaged (17ms)
				SetLoadedEditorAssemblies (1ms)
				RefreshPlugins (1ms)
				BeforeProcessingInitializeOnLoad (60ms)
				ProcessInitializeOnLoadAttributes (180ms)
				ProcessInitializeOnLoadMethodAttributes (36ms)
				AfterProcessingInitializeOnLoad (2ms)
				EditorAssembliesLoaded (0ms)
			ExecutionOrderSort2 (0ms)
			AwakeInstancesAfterBackupRestoration (6ms)
Platform modules already initialized, skipping
Refreshing native plugins compatible for Editor in 2.32 ms, found 4 plugins.
Preloading 0 native plugins for Editor in 0.00 ms.
Unloading 4114 Unused Serialized files (Serialized files now loaded: 0)
Unloading 27 unused Assets / (24.8 KB). Loaded Objects now: 4606.
Memory consumption went from 153.1 MB to 153.1 MB.
Total: 2.136500 ms (FindLiveObjects: 0.201000 ms CreateObjectMapping: 0.118000 ms MarkObjects: 1.791300 ms  DeleteObjects: 0.025300 ms)

AssetImportParameters requested are different than current active one (requested -> active):
  custom:video-decoder-ogg-theora: a1e56fd34408186e4bbccfd4996cb3dc -> 
  custom:container-muxer-webm: aa71ff27fc2769a1b78a27578f13a17b -> 
  custom:container-demuxer-webm: 4f35f7cbe854078d1ac9338744f61a02 -> 
  custom:video-encoder-webm-vp8: eb34c28f22e8b96e1ab97ce403110664 -> 
  custom:audio-encoder-webm-vorbis: bf7c407c2cedff20999df2af8eb42d56 -> 
  custom:framework-win-MediaFoundation: 216162199b28c13a410421893ffa2e32 -> 
  custom:container-demuxer-ogg: 62fdf1f143b41e24485cea50d1cbac27 -> 
  custom:video-decoder-webm-vp8: 9c59270c3fd7afecdb556c50c9e8de78 -> 
  custom:audio-decoder-ogg-vorbis: bf7c407c2cedff20999df2af8eb42d56 -> 
========================================================================
Received Import Request.
  Time since last request: 12049.905913 seconds.
  path: Assets/Sprites/Enemies
  artifactKey: Guid(8e7002b6f1f554e41ac1098b7e8e7f48) Importer(815301076,1909f56bfc062723c751e8b465ee728b)
Start importing Assets/Sprites/Enemies using Guid(8e7002b6f1f554e41ac1098b7e8e7f48) Importer(815301076,1909f56bfc062723c751e8b465ee728b)  -> (artifact id: '6a73f525d62b7ea91b249611683f5059') in 0.011862 seconds 
========================================================================
Received Import Request.
  Time since last request: 0.173046 seconds.
  path: Assets/Sprites/Enemies/Dog2Idle.png
  artifactKey: Guid(9c14ebd107acc9c4b90e0b6e957d17cb) Importer(815301076,1909f56bfc062723c751e8b465ee728b)
Start importing Assets/Sprites/Enemies/Dog2Idle.png using Guid(9c14ebd107acc9c4b90e0b6e957d17cb) Importer(815301076,1909f56bfc062723c751e8b465ee728b)  -> (artifact id: '6dc71c98bd2b2b51e7f05d63852c573d') in 0.092505 seconds 
========================================================================
Received Import Request.
  Time since last request: 0.000018 seconds.
  path: Assets/Sprites/Enemies/DogIdle.png
  artifactKey: Guid(be148ba64b7e41542b21c82447e9ac0b) Importer(815301076,1909f56bfc062723c751e8b465ee728b)
Start importing Assets/Sprites/Enemies/DogIdle.png using Guid(be148ba64b7e41542b21c82447e9ac0b) Importer(815301076,1909f56bfc062723c751e8b465ee728b)  -> (artifact id: '90cad982cac46020bc7902c991df984e') in 0.018584 seconds 
========================================================================
Received Import Request.
  Time since last request: 0.000025 seconds.
  path: Assets/Sprites/Enemies/DogWalk.png
  artifactKey: Guid(249014b5969efc5469e992cf3ea44b0e) Importer(815301076,1909f56bfc062723c751e8b465ee728b)
Start importing Assets/Sprites/Enemies/DogWalk.png using Guid(249014b5969efc5469e992cf3ea44b0e) Importer(815301076,1909f56bfc062723c751e8b465ee728b)  -> (artifact id: '2f36649c47c9a12737663efcf1acfd7f') in 0.022222 seconds 
========================================================================
Received Import Request.
  Time since last request: 0.000024 seconds.
  path: Assets/Sprites/Enemies/DogWalkFliped.png
  artifactKey: Guid(bad24a1d81639844c9e443aaf31757d1) Importer(815301076,1909f56bfc062723c751e8b465ee728b)
Start importing Assets/Sprites/Enemies/DogWalkFliped.png using Guid(bad24a1d81639844c9e443aaf31757d1) Importer(815301076,1909f56bfc062723c751e8b465ee728b)  -> (artifact id: 'a148fef68c8571323b4c609dec9ecb38') in 0.021656 seconds 
========================================================================
Received Import Request.
  Time since last request: 240.519518 seconds.
  path: Assets/Sprites/Enviroment/Gress 0.asset
  artifactKey: Guid(c2425eb8c6ae48e4bb70b43d02cedd41) Importer(815301076,1909f56bfc062723c751e8b465ee728b)
Start importing Assets/Sprites/Enviroment/Gress 0.asset using Guid(c2425eb8c6ae48e4bb70b43d02cedd41) Importer(815301076,1909f56bfc062723c751e8b465ee728b)  -> (artifact id: 'ad966ff58b394a20c5c78aebdf445c2f') in 0.021853 seconds 
========================================================================
Received Import Request.
  Time since last request: 0.000022 seconds.
  path: Assets/Sprites/Enviroment/Gress 4.asset
  artifactKey: Guid(b301d19489996b04eaf69ebcfd787120) Importer(815301076,1909f56bfc062723c751e8b465ee728b)
Start importing Assets/Sprites/Enviroment/Gress 4.asset using Guid(b301d19489996b04eaf69ebcfd787120) Importer(815301076,1909f56bfc062723c751e8b465ee728b)  -> (artifact id: '0634f26c42555797ba7152656ddaf505') in 0.008970 seconds 
========================================================================
Received Import Request.
  Time since last request: 0.000040 seconds.
  path: Assets/Sprites/Enviroment/Soil 2.asset
  artifactKey: Guid(566cbfddbc653e64e98133aea224a695) Importer(815301076,1909f56bfc062723c751e8b465ee728b)
Start importing Assets/Sprites/Enviroment/Soil 2.asset using Guid(566cbfddbc653e64e98133aea224a695) Importer(815301076,1909f56bfc062723c751e8b465ee728b)  -> (artifact id: 'f64a003836615e7a3dc9c8bd033d7ceb') in 0.008597 seconds 
========================================================================
Received Import Request.
  Time since last request: 0.000016 seconds.
  path: Assets/Sprites/Enviroment/Tiles.png
  artifactKey: Guid(dc747d0a3cdf6594f9f275fdd2a48b4b) Importer(815301076,1909f56bfc062723c751e8b465ee728b)
Start importing Assets/Sprites/Enviroment/Tiles.png using Guid(dc747d0a3cdf6594f9f275fdd2a48b4b) Importer(815301076,1909f56bfc062723c751e8b465ee728b)  -> (artifact id: '491b983f6087f62bac543682e3db761c') in 0.039515 seconds 
========================================================================
Received Import Request.
  Time since last request: 0.000015 seconds.
  path: Assets/Sprites/Enviroment/Soil 8.asset
  artifactKey: Guid(33c82a5984963f34a92b4ada74c29b8d) Importer(815301076,1909f56bfc062723c751e8b465ee728b)
Start importing Assets/Sprites/Enviroment/Soil 8.asset using Guid(33c82a5984963f34a92b4ada74c29b8d) Importer(815301076,1909f56bfc062723c751e8b465ee728b)  -> (artifact id: 'e5f8fc36c5eba666db12f62bdb4324b0') in 0.006649 seconds 
========================================================================
Received Import Request.
  Time since last request: 0.000017 seconds.
  path: Assets/Sprites/Enviroment/Gress 5.asset
  artifactKey: Guid(da349d548f7754446900a090b5dd7266) Importer(815301076,1909f56bfc062723c751e8b465ee728b)
Start importing Assets/Sprites/Enviroment/Gress 5.asset using Guid(da349d548f7754446900a090b5dd7266) Importer(815301076,1909f56bfc062723c751e8b465ee728b)  -> (artifact id: '9116542983bbc6bc53d32510815cefe0') in 0.007757 seconds 
========================================================================
Received Import Request.
  Time since last request: 0.000021 seconds.
  path: Assets/Sprites/Enviroment/Soil 3.asset
  artifactKey: Guid(985c8a22e9773154383c65065ed2815a) Importer(815301076,1909f56bfc062723c751e8b465ee728b)
Start importing Assets/Sprites/Enviroment/Soil 3.asset using Guid(985c8a22e9773154383c65065ed2815a) Importer(815301076,1909f56bfc062723c751e8b465ee728b)  -> (artifact id: '9d02c589960801ca483b6e46c86f2e6c') in 0.009560 seconds 
========================================================================
Received Import Request.
  Time since last request: 0.000018 seconds.
  path: Assets/Sprites/Enviroment/Wall 1.asset
  artifactKey: Guid(f4dd2ebb88ecb5748ad6033e41a0186b) Importer(815301076,1909f56bfc062723c751e8b465ee728b)
Start importing Assets/Sprites/Enviroment/Wall 1.asset using Guid(f4dd2ebb88ecb5748ad6033e41a0186b) Importer(815301076,1909f56bfc062723c751e8b465ee728b)  -> (artifact id: '0d41da79bfa74113497d7e803788be4c') in 0.009151 seconds 
========================================================================
Received Import Request.
  Time since last request: 0.000050 seconds.
  path: Assets/Sprites/Enviroment/Gress 7.asset
  artifactKey: Guid(65872c6340b01654ebc17fdd4da020e6) Importer(815301076,1909f56bfc062723c751e8b465ee728b)
Start importing Assets/Sprites/Enviroment/Gress 7.asset using Guid(65872c6340b01654ebc17fdd4da020e6) Importer(815301076,1909f56bfc062723c751e8b465ee728b)  -> (artifact id: '20cf6d1402e22b41eceae036ba352b29') in 0.007755 seconds 
========================================================================
Received Import Request.
  Time since last request: 0.000015 seconds.
  path: Assets/Sprites/Enviroment/Objects.png
  artifactKey: Guid(20d6cce5c7ac33b4e97f0f98a09aa347) Importer(815301076,1909f56bfc062723c751e8b465ee728b)
Start importing Assets/Sprites/Enviroment/Objects.png using Guid(20d6cce5c7ac33b4e97f0f98a09aa347) Importer(815301076,1909f56bfc062723c751e8b465ee728b)  -> (artifact id: '66d60216fc2c155af6849681738cdea6') in 0.029777 seconds 
========================================================================
Received Import Request.
  Time since last request: 0.000016 seconds.
  path: Assets/Sprites/Enviroment/Gress 2.asset
  artifactKey: Guid(9654746dbf0d0174bbc7266d9480edb0) Importer(815301076,1909f56bfc062723c751e8b465ee728b)
Start importing Assets/Sprites/Enviroment/Gress 2.asset using Guid(9654746dbf0d0174bbc7266d9480edb0) Importer(815301076,1909f56bfc062723c751e8b465ee728b)  -> (artifact id: '491a6fcacdfa4eaf15dcb854c19ba1a4') in 0.007980 seconds 
========================================================================
Received Import Request.
  Time since last request: 0.000015 seconds.
  path: Assets/Sprites/Enviroment/Soil 1.asset
  artifactKey: Guid(1751bd78b11a8174596addbd371a9556) Importer(815301076,1909f56bfc062723c751e8b465ee728b)
Start importing Assets/Sprites/Enviroment/Soil 1.asset using Guid(1751bd78b11a8174596addbd371a9556) Importer(815301076,1909f56bfc062723c751e8b465ee728b)  -> (artifact id: '89557093f14e54342cd6d686420b8d41') in 0.007911 seconds 
========================================================================
Received Import Request.
  Time since last request: 0.000019 seconds.
  path: Assets/Sprites/Enviroment/Gress 6.asset
  artifactKey: Guid(9ff7073cad58c9b49902a288958a9cea) Importer(815301076,1909f56bfc062723c751e8b465ee728b)
Start importing Assets/Sprites/Enviroment/Gress 6.asset using Guid(9ff7073cad58c9b49902a288958a9cea) Importer(815301076,1909f56bfc062723c751e8b465ee728b)  -> (artifact id: '00e5ba23d1e9b441037c8f50f7e9b2f2') in 0.008647 seconds 
========================================================================
Received Import Request.
  Time since last request: 0.000022 seconds.
  path: Assets/Sprites/Enviroment/Gress 1.asset
  artifactKey: Guid(2d5135fb007cb124e8c21d731487ac31) Importer(815301076,1909f56bfc062723c751e8b465ee728b)
Start importing Assets/Sprites/Enviroment/Gress 1.asset using Guid(2d5135fb007cb124e8c21d731487ac31) Importer(815301076,1909f56bfc062723c751e8b465ee728b)  -> (artifact id: 'a5bbdf7008855788b4ca77612f4c2ff4') in 0.008215 seconds 
========================================================================
Received Import Request.
  Time since last request: 0.000020 seconds.
  path: Assets/Sprites/Enviroment/Water 2.asset
  artifactKey: Guid(6105233268dd53147b64e33b2d536a50) Importer(815301076,1909f56bfc062723c751e8b465ee728b)
Start importing Assets/Sprites/Enviroment/Water 2.asset using Guid(6105233268dd53147b64e33b2d536a50) Importer(815301076,1909f56bfc062723c751e8b465ee728b)  -> (artifact id: '84eb0e372b2c6f4a0e4046711ff03c30') in 0.009593 seconds 
========================================================================
Received Import Request.
  Time since last request: 0.000026 seconds.
  path: Assets/Sprites/Enviroment/Soil 5.asset
  artifactKey: Guid(3c77750c6648c9f409aac4cb1526b6e5) Importer(815301076,1909f56bfc062723c751e8b465ee728b)
Start importing Assets/Sprites/Enviroment/Soil 5.asset using Guid(3c77750c6648c9f409aac4cb1526b6e5) Importer(815301076,1909f56bfc062723c751e8b465ee728b)  -> (artifact id: '823fe1c61f849fb13cd73e4c06569463') in 0.007476 seconds 
========================================================================
Received Import Request.
  Time since last request: 0.000020 seconds.
  path: Assets/Sprites/Enviroment/Wall 3.asset
  artifactKey: Guid(aeaea248f5289974389a1a943ead97ed) Importer(815301076,1909f56bfc062723c751e8b465ee728b)
Start importing Assets/Sprites/Enviroment/Wall 3.asset using Guid(aeaea248f5289974389a1a943ead97ed) Importer(815301076,1909f56bfc062723c751e8b465ee728b)  -> (artifact id: 'f8849ac2aa980ade5f4f4ad857554dc4') in 0.007790 seconds 
========================================================================
Received Import Request.
  Time since last request: 0.000020 seconds.
  path: Assets/Sprites/Enviroment/Soil 7.asset
  artifactKey: Guid(c74c8ca952d6e144b89f409f23d9bd49) Importer(815301076,1909f56bfc062723c751e8b465ee728b)
Start importing Assets/Sprites/Enviroment/Soil 7.asset using Guid(c74c8ca952d6e144b89f409f23d9bd49) Importer(815301076,1909f56bfc062723c751e8b465ee728b)  -> (artifact id: '04d88683f56048ad248b7f0a6b196328') in 0.010077 seconds 
========================================================================
Received Import Request.
  Time since last request: 0.000023 seconds.
  path: Assets/Sprites/Enviroment/Soil 4.asset
  artifactKey: Guid(58548c292f7e71044853a801e614cfd7) Importer(815301076,1909f56bfc062723c751e8b465ee728b)
Start importing Assets/Sprites/Enviroment/Soil 4.asset using Guid(58548c292f7e71044853a801e614cfd7) Importer(815301076,1909f56bfc062723c751e8b465ee728b)  -> (artifact id: '7e0ddb87f0ad2198b9dfe94a7a3ff684') in 0.009555 seconds 
========================================================================
Received Import Request.
  Time since last request: 0.000023 seconds.
  path: Assets/Sprites/Enviroment/Gress 3.asset
  artifactKey: Guid(d4579040d84676d488dfcad4d1fbcfbc) Importer(815301076,1909f56bfc062723c751e8b465ee728b)
Start importing Assets/Sprites/Enviroment/Gress 3.asset using Guid(d4579040d84676d488dfcad4d1fbcfbc) Importer(815301076,1909f56bfc062723c751e8b465ee728b)  -> (artifact id: 'e45fe89ce976be931d15d9ca5b591233') in 0.009602 seconds 
========================================================================
Received Import Request.
  Time since last request: 0.000017 seconds.
  path: Assets/Sprites/Enviroment/Water 1.asset
  artifactKey: Guid(8494d8ebf429fa5469d2e53e2e60fdf1) Importer(815301076,1909f56bfc062723c751e8b465ee728b)
Start importing Assets/Sprites/Enviroment/Water 1.asset using Guid(8494d8ebf429fa5469d2e53e2e60fdf1) Importer(815301076,1909f56bfc062723c751e8b465ee728b)  -> (artifact id: '0f3f99192f9530834ccc02ebe8e27d07') in 0.008888 seconds 
========================================================================
Received Import Request.
  Time since last request: 0.713704 seconds.
  path: Assets/Sprites/NPCs/NPC Portrait.png
  artifactKey: Guid(d79edf18a76e2654a9ac99f15de8b2b3) Importer(815301076,1909f56bfc062723c751e8b465ee728b)
Start importing Assets/Sprites/NPCs/NPC Portrait.png using Guid(d79edf18a76e2654a9ac99f15de8b2b3) Importer(815301076,1909f56bfc062723c751e8b465ee728b)  -> (artifact id: '3dc714f64c118987ff96c6d96137389c') in 0.023693 seconds 
========================================================================
Received Import Request.
  Time since last request: 0.000021 seconds.
  path: Assets/Sprites/NPCs/NPC.png
  artifactKey: Guid(2f90eb840bd0cf4438d49759bc08d718) Importer(815301076,1909f56bfc062723c751e8b465ee728b)
Start importing Assets/Sprites/NPCs/NPC.png using Guid(2f90eb840bd0cf4438d49759bc08d718) Importer(815301076,1909f56bfc062723c751e8b465ee728b)  -> (artifact id: 'df2588133117610cc732b37b8fd2b5b6') in 0.016543 seconds 
========================================================================
Received Import Request.
  Time since last request: 0.000026 seconds.
  path: Assets/Sprites/NPCs/Woman_idle.png
  artifactKey: Guid(e002dc8430a29824bb1811a58df731f7) Importer(815301076,1909f56bfc062723c751e8b465ee728b)
Start importing Assets/Sprites/NPCs/Woman_idle.png using Guid(e002dc8430a29824bb1811a58df731f7) Importer(815301076,1909f56bfc062723c751e8b465ee728b)  -> (artifact id: '55942cc8a4d6a8fe37d7536b2b3699e4') in 0.013476 seconds 
========================================================================
Received Import Request.
  Time since last request: 3.137058 seconds.
  path: Assets/Sprites/Traps/Fire_Trap.png
  artifactKey: Guid(6d35b90c94998994cae3002355845ce3) Importer(815301076,1909f56bfc062723c751e8b465ee728b)
Start importing Assets/Sprites/Traps/Fire_Trap.png using Guid(6d35b90c94998994cae3002355845ce3) Importer(815301076,1909f56bfc062723c751e8b465ee728b)  -> (artifact id: '0cdb885b6e14d0ab5aa888119b73b2ca') in 0.027736 seconds 
========================================================================
Received Import Request.
  Time since last request: 0.000016 seconds.
  path: Assets/Sprites/Traps/Spear.png
  artifactKey: Guid(54990a8aa35a8414fa89c08dafe9481d) Importer(815301076,1909f56bfc062723c751e8b465ee728b)
Start importing Assets/Sprites/Traps/Spear.png using Guid(54990a8aa35a8414fa89c08dafe9481d) Importer(815301076,1909f56bfc062723c751e8b465ee728b)  -> (artifact id: 'fcf4446ed01d6776eb712cfa952c1f38') in 0.026255 seconds 
